<?xml version="1.0" encoding="UTF-8"?>
<testsuite name="Health Monitoring" tests="4" skipped="0" failures="0" errors="0" timestamp="2026-03-10T00:11:04" hostname="PINK" time="1.039">
  <properties/>
  <testcase name="should get transport health status" classname="io.supernode.network.transport.TransportManagerTest$HealthMonitoringTests" time="0.379"/>
  <testcase name="should notify on health change" classname="io.supernode.network.transport.TransportManagerTest$HealthMonitoringTests" time="0.335"/>
  <testcase name="should return null health status for unregistered transport" classname="io.supernode.network.transport.TransportManagerTest$HealthMonitoringTests" time="0.002"/>
  <testcase name="should get all health statuses" classname="io.supernode.network.transport.TransportManagerTest$HealthMonitoringTests" time="0.32"/>
  <system-out><![CDATA[]]></system-out>
  <system-err><![CDATA[]]></system-err>
</testsuite>
