<?xml version="1.0" encoding="UTF-8"?>
<testsuite name="Erasure Coding" tests="2" skipped="0" failures="0" errors="0" timestamp="2026-03-10T00:11:23" hostname="PINK" time="0.016">
  <properties/>
  <testcase name="stats should reflect erasure configuration" classname="io.supernode.storage.SupernodeStorageTest$ErasureCodingTests" time="0.002"/>
  <testcase name="should ingest with erasure coding enabled" classname="io.supernode.storage.SupernodeStorageTest$ErasureCodingTests" time="0.013"/>
  <system-out><![CDATA[]]></system-out>
  <system-err><![CDATA[]]></system-err>
</testsuite>
