<?xml version="1.0" encoding="UTF-8"?>
<testsuite name="Event Records" tests="6" skipped="0" failures="0" errors="0" timestamp="2026-02-07T18:21:41" hostname="PINK" time="1.18">
  <properties/>
  <testcase name="should create FileIngestedEvent correctly" classname="io.supernode.network.SupernodeNetworkTest$EventRecordTests" time="0.209"/>
  <testcase name="should create FileRetrievedEvent correctly" classname="io.supernode.network.SupernodeNetworkTest$EventRecordTests" time="0.174"/>
  <testcase name="should create ListeningEvent correctly" classname="io.supernode.network.SupernodeNetworkTest$EventRecordTests" time="0.17"/>
  <testcase name="should create PeerEvent correctly" classname="io.supernode.network.SupernodeNetworkTest$EventRecordTests" time="0.17"/>
  <testcase name="should create NetworkStats correctly" classname="io.supernode.network.SupernodeNetworkTest$EventRecordTests" time="0.284"/>
  <testcase name="should create DisconnectEvent correctly" classname="io.supernode.network.SupernodeNetworkTest$EventRecordTests" time="0.169"/>
  <system-out><![CDATA[]]></system-out>
  <system-err><![CDATA[]]></system-err>
</testsuite>
