<?xml version="1.0" encoding="UTF-8"?>
<testsuite name="Proofs &amp; Rewards" tests="2" skipped="0" failures="0" errors="0" timestamp="2026-02-09T01:54:50" hostname="devbox" time="0.214">
  <properties/>
  <testcase name="should submit and verify storage proof" classname="io.supernode.blockchain.BobcoinBridgeTest$ProofAndRewardTests" time="0.106"/>
  <testcase name="should claim storage rewards" classname="io.supernode.blockchain.BobcoinBridgeTest$ProofAndRewardTests" time="0.104"/>
  <system-out><![CDATA[]]></system-out>
  <system-err><![CDATA[]]></system-err>
</testsuite>
