<?xml version="1.0" encoding="UTF-8"?>
<testsuite name="Available Transports" tests="3" skipped="0" failures="0" errors="0" timestamp="2026-02-07T18:21:50" hostname="PINK" time="0.294">
  <properties/>
  <testcase name="should list healthy transports" classname="io.supernode.network.transport.TransportManagerTest$AvailabilityTests" time="0.144"/>
  <testcase name="should list available transports" classname="io.supernode.network.transport.TransportManagerTest$AvailabilityTests" time="0.148"/>
  <testcase name="should return empty list when no available transports" classname="io.supernode.network.transport.TransportManagerTest$AvailabilityTests" time="0.001"/>
  <system-out><![CDATA[]]></system-out>
  <system-err><![CDATA[]]></system-err>
</testsuite>
