<?xml version="1.0" encoding="UTF-8"?>
<testsuite name="Manifest Integrity" tests="4" skipped="0" failures="0" errors="0" timestamp="2026-03-09T22:18:02" hostname="PINK" time="0.006">
  <properties/>
  <testcase name="should pass verification when shards are valid" classname="io.supernode.storage.mux.ManifestIntegrityTest" time="0.003"/>
  <testcase name="should pass verification when chunks are valid" classname="io.supernode.storage.mux.ManifestIntegrityTest" time="0.0"/>
  <testcase name="should fail verification when chunk hash mismatches" classname="io.supernode.storage.mux.ManifestIntegrityTest" time="0.001"/>
  <testcase name="should fail verification when a chunk is missing" classname="io.supernode.storage.mux.ManifestIntegrityTest" time="0.0"/>
  <system-out><![CDATA[]]></system-out>
  <system-err><![CDATA[]]></system-err>
</testsuite>
