<?xml version="1.0" encoding="UTF-8"?>
<testsuite name="Address Handling" tests="4" skipped="0" failures="0" errors="0" timestamp="2026-02-09T01:55:09" hostname="devbox" time="0.011">
  <properties/>
  <testcase name="should handle onion addresses" classname="io.supernode.network.transport.TorTransportTest$AddressHandlingTests" time="0.003"/>
  <testcase name="should parse onion address" classname="io.supernode.network.transport.TorTransportTest$AddressHandlingTests" time="0.002"/>
  <testcase name="should not handle clearnet addresses" classname="io.supernode.network.transport.TorTransportTest$AddressHandlingTests" time="0.002"/>
  <testcase name="should handle addresses ending with .onion" classname="io.supernode.network.transport.TorTransportTest$AddressHandlingTests" time="0.002"/>
  <system-out><![CDATA[]]></system-out>
  <system-err><![CDATA[]]></system-err>
</testsuite>
