<?xml version="1.0" encoding="UTF-8"?>
<testsuite name="Address Resolution" tests="3" skipped="0" failures="0" errors="0" timestamp="2026-02-09T01:55:10" hostname="devbox" time="0.013">
  <properties/>
  <testcase name="should get local addresses after start" classname="io.supernode.network.transport.TransportManagerTest$AddressResolutionTests" time="0.009"/>
  <testcase name="should return null for unparseable address" classname="io.supernode.network.transport.TransportManagerTest$AddressResolutionTests" time="0.001"/>
  <testcase name="should parse clearnet address" classname="io.supernode.network.transport.TransportManagerTest$AddressResolutionTests" time="0.002"/>
  <system-out><![CDATA[]]></system-out>
  <system-err><![CDATA[]]></system-err>
</testsuite>
