<?xml version="1.0" encoding="UTF-8"?>
<testsuite name="Factory Methods" tests="6" skipped="0" failures="0" errors="0" timestamp="2026-02-09T01:55:09" hostname="devbox" time="0.004">
  <properties/>
  <testcase name="should create zeronet address" classname="io.supernode.network.transport.TransportAddressTest$FactoryMethodTests" time="0.0"/>
  <testcase name="should create ipfs address" classname="io.supernode.network.transport.TransportAddressTest$FactoryMethodTests" time="0.0"/>
  <testcase name="should create onion address" classname="io.supernode.network.transport.TransportAddressTest$FactoryMethodTests" time="0.0"/>
  <testcase name="should create hyphanet address" classname="io.supernode.network.transport.TransportAddressTest$FactoryMethodTests" time="0.001"/>
  <testcase name="should create clearnet address" classname="io.supernode.network.transport.TransportAddressTest$FactoryMethodTests" time="0.0"/>
  <testcase name="should create i2p address" classname="io.supernode.network.transport.TransportAddressTest$FactoryMethodTests" time="0.0"/>
  <system-out><![CDATA[]]></system-out>
  <system-err><![CDATA[]]></system-err>
</testsuite>
