<?xml version="1.0" encoding="UTF-8"?>
<testsuite name="Storage Deals &amp; Tracking" tests="2" skipped="0" failures="0" errors="0" timestamp="2026-03-07T20:01:43" hostname="pink" time="0.38">
  <properties/>
  <testcase name="should get deal status" classname="io.supernode.blockchain.BobcoinBridgeTest$StorageDealTests" time="0.191"/>
  <testcase name="should create storage deal" classname="io.supernode.blockchain.BobcoinBridgeTest$StorageDealTests" time="0.187"/>
  <system-out><![CDATA[]]></system-out>
  <system-err><![CDATA[]]></system-err>
</testsuite>
