<?xml version="1.0" encoding="UTF-8"?>
<testsuite name="Connection Lifecycle" tests="4" skipped="0" failures="0" errors="0" timestamp="2026-02-07T22:00:55" hostname="PINK" time="0.441">
  <properties/>
  <testcase name="should connect successfully" classname="io.supernode.blockchain.BobcoinBridgeTest$ConnectionTests" time="0.117"/>
  <testcase name="should use provided wallet key for derivation" classname="io.supernode.blockchain.BobcoinBridgeTest$ConnectionTests" time="0.107"/>
  <testcase name="should disconnect successfully" classname="io.supernode.blockchain.BobcoinBridgeTest$ConnectionTests" time="0.108"/>
  <testcase name="should emit connected event" classname="io.supernode.blockchain.BobcoinBridgeTest$ConnectionTests" time="0.106"/>
  <system-out><![CDATA[]]></system-out>
  <system-err><![CDATA[]]></system-err>
</testsuite>
