<?xml version="1.0" encoding="UTF-8"?>
<testsuite name="Encryption" tests="3" skipped="0" failures="0" errors="0" timestamp="2026-02-09T01:55:54" hostname="devbox" time="0.006">
  <properties/>
  <testcase name="muxed data should differ from original" classname="io.supernode.storage.mux.MuxEngineTest$EncryptionTests" time="0.001"/>
  <testcase name="should fail demux with wrong key" classname="io.supernode.storage.mux.MuxEngineTest$EncryptionTests" time="0.004"/>
  <testcase name="different keys should produce different output" classname="io.supernode.storage.mux.MuxEngineTest$EncryptionTests" time="0.001"/>
  <system-out><![CDATA[]]></system-out>
  <system-err><![CDATA[]]></system-err>
</testsuite>
