<?xml version="1.0" encoding="UTF-8"?>
<testsuite name="Stats" tests="4" skipped="0" failures="0" errors="0" timestamp="2026-02-07T22:01:29" hostname="PINK" time="0.524">
  <properties/>
  <testcase name="should track failover count in stats" classname="io.supernode.network.transport.TransportManagerTest$StatsTests" time="0.166"/>
  <testcase name="should track circuit breaker trips in stats" classname="io.supernode.network.transport.TransportManagerTest$StatsTests" time="0.185"/>
  <testcase name="should return empty stats when no transports" classname="io.supernode.network.transport.TransportManagerTest$StatsTests" time="0.001"/>
  <testcase name="should return aggregate stats" classname="io.supernode.network.transport.TransportManagerTest$StatsTests" time="0.171"/>
  <system-out><![CDATA[]]></system-out>
  <system-err><![CDATA[]]></system-err>
</testsuite>
