<?xml version="1.0" encoding="UTF-8"?>
<testsuite name="Peer Management" tests="2" skipped="0" failures="0" errors="0" timestamp="2026-02-08T07:19:25" hostname="devbox" time="0.018">
  <properties/>
  <testcase name="should start with no peers" classname="io.supernode.network.BlobNetworkTest$PeerManagementTests" time="0.006"/>
  <testcase name="should track peer count in stats" classname="io.supernode.network.BlobNetworkTest$PeerManagementTests" time="0.01"/>
  <system-out><![CDATA[]]></system-out>
  <system-err><![CDATA[]]></system-err>
</testsuite>
