<?xml version="1.0" encoding="UTF-8"?>
<testsuite name="Adaptive Shard Selection" tests="9" skipped="0" failures="0" errors="0" timestamp="2026-03-07T20:05:43" hostname="pink" time="0.306">
  <properties/>
  <testcase name="should default to 2 parity shards on healthy network" classname="io.supernode.storage.erasure.ErasureCoderAdvancedTest$AdaptiveSelectionTests" time="0.002"/>
  <testcase name="should increase parity on high packet loss" classname="io.supernode.storage.erasure.ErasureCoderAdvancedTest$AdaptiveSelectionTests" time="0.001"/>
  <testcase name="should handle peer failures correctly" classname="io.supernode.storage.erasure.ErasureCoderAdvancedTest$AdaptiveSelectionTests" time="0.138"/>
  <testcase name="should track peer metrics correctly" classname="io.supernode.storage.erasure.ErasureCoderAdvancedTest$AdaptiveSelectionTests" time="0.009"/>
  <testcase name="should select optimal peers based on metrics" classname="io.supernode.storage.erasure.ErasureCoderAdvancedTest$AdaptiveSelectionTests" time="0.139"/>
  <testcase name="should calculate peer score correctly" classname="io.supernode.storage.erasure.ErasureCoderAdvancedTest$AdaptiveSelectionTests" time="0.002"/>
  <testcase name="should increase parity on degraded network" classname="io.supernode.storage.erasure.ErasureCoderAdvancedTest$AdaptiveSelectionTests" time="0.001"/>
  <testcase name="should use maximum parity on unhealthy network" classname="io.supernode.storage.erasure.ErasureCoderAdvancedTest$AdaptiveSelectionTests" time="0.002"/>
  <testcase name="should reduce parity on low latency network" classname="io.supernode.storage.erasure.ErasureCoderAdvancedTest$AdaptiveSelectionTests" time="0.002"/>
  <system-out><![CDATA[]]></system-out>
  <system-err><![CDATA[]]></system-err>
</testsuite>
