<?xml version="1.0" encoding="UTF-8"?>
<testsuite name="Event Handlers" tests="2" skipped="0" failures="0" errors="0" timestamp="2026-03-10T03:30:14" hostname="PINK" time="0.705">
  <properties/>
  <testcase name="should accept connection handler" classname="io.supernode.network.transport.ClearnetTransportTest$EventTests" time="0.243"/>
  <testcase name="should accept error handler" classname="io.supernode.network.transport.ClearnetTransportTest$EventTests" time="0.461"/>
  <system-out><![CDATA[]]></system-out>
  <system-err><![CDATA[]]></system-err>
</testsuite>
