<?xml version="1.0" encoding="UTF-8"?>
<testsuite name="Configuration" tests="2" skipped="0" failures="0" errors="0" timestamp="2026-02-07T18:21:26" hostname="PINK" time="0.007">
  <properties/>
  <testcase name="should accept custom bootstrap nodes" classname="io.supernode.network.DHTDiscoveryTest$ConfigurationTests" time="0.004"/>
  <testcase name="should use default bootstrap nodes" classname="io.supernode.network.DHTDiscoveryTest$ConfigurationTests" time="0.002"/>
  <system-out><![CDATA[]]></system-out>
  <system-err><![CDATA[]]></system-err>
</testsuite>
