<?xml version="1.0" encoding="UTF-8"?>
<testsuite name="Address Handling" tests="5" skipped="0" failures="0" errors="0" timestamp="2026-03-10T02:47:45" hostname="PINK" time="0.715">
  <properties/>
  <testcase name="should handle ws scheme" classname="io.supernode.network.transport.ClearnetTransportTest$AddressHandlingTests" time="0.151"/>
  <testcase name="should parse ws address" classname="io.supernode.network.transport.ClearnetTransportTest$AddressHandlingTests" time="0.12"/>
  <testcase name="should handle wss scheme" classname="io.supernode.network.transport.ClearnetTransportTest$AddressHandlingTests" time="0.132"/>
  <testcase name="should not handle tor addresses" classname="io.supernode.network.transport.ClearnetTransportTest$AddressHandlingTests" time="0.172"/>
  <testcase name="should parse wss address" classname="io.supernode.network.transport.ClearnetTransportTest$AddressHandlingTests" time="0.137"/>
  <system-out><![CDATA[]]></system-out>
  <system-err><![CDATA[]]></system-err>
</testsuite>
