<?xml version="1.0" encoding="UTF-8"?>
<testsuite name="Transport Properties" tests="2" skipped="0" failures="0" errors="0" timestamp="2026-02-09T01:55:09" hostname="devbox" time="0.005">
  <properties/>
  <testcase name="should have TOR type" classname="io.supernode.network.transport.TorTransportTest$PropertiesTests" time="0.002"/>
  <testcase name="should not be running initially" classname="io.supernode.network.transport.TorTransportTest$PropertiesTests" time="0.002"/>
  <system-out><![CDATA[]]></system-out>
  <system-err><![CDATA[]]></system-err>
</testsuite>
