<?xml version="1.0" encoding="UTF-8"?>
<testsuite name="Key Derivation" tests="5" skipped="0" failures="0" errors="0" timestamp="2026-02-09T01:55:53" hostname="devbox" time="0.009">
  <properties/>
  <testcase name="should derive 32-byte key" classname="io.supernode.storage.mux.ManifestTest$KeyDerivationTests" time="0.001"/>
  <testcase name="should derive different keys for different master keys" classname="io.supernode.storage.mux.ManifestTest$KeyDerivationTests" time="0.0"/>
  <testcase name="should derive consistent key for same inputs" classname="io.supernode.storage.mux.ManifestTest$KeyDerivationTests" time="0.001"/>
  <testcase name="derived key should work for encryption" classname="io.supernode.storage.mux.ManifestTest$KeyDerivationTests" time="0.005"/>
  <testcase name="should derive different keys for different file IDs" classname="io.supernode.storage.mux.ManifestTest$KeyDerivationTests" time="0.001"/>
  <system-out><![CDATA[]]></system-out>
  <system-err><![CDATA[]]></system-err>
</testsuite>
