<?xml version="1.0" encoding="UTF-8"?>
<testsuite name="Construction" tests="2" skipped="0" failures="0" errors="0" timestamp="2026-03-10T00:46:26" hostname="PINK" time="0.273">
  <properties/>
  <testcase name="should create with default options" classname="io.supernode.network.SupernodeNetworkTest$ConstructionTests" time="0.146"/>
  <testcase name="should create with custom blob store" classname="io.supernode.network.SupernodeNetworkTest$ConstructionTests" time="0.125"/>
  <system-out><![CDATA[]]></system-out>
  <system-err><![CDATA[]]></system-err>
</testsuite>
