<?xml version="1.0" encoding="UTF-8"?>
<testsuite name="Lifecycle" tests="4" skipped="0" failures="0" errors="0" timestamp="2026-02-09T01:55:09" hostname="devbox" time="0.026">
  <properties/>
  <testcase name="should get local address after start" classname="io.supernode.network.transport.ClearnetTransportTest$LifecycleTests" time="0.007"/>
  <testcase name="should start successfully" classname="io.supernode.network.transport.ClearnetTransportTest$LifecycleTests" time="0.007"/>
  <testcase name="should return null local address before start" classname="io.supernode.network.transport.ClearnetTransportTest$LifecycleTests" time="0.001"/>
  <testcase name="should stop successfully" classname="io.supernode.network.transport.ClearnetTransportTest$LifecycleTests" time="0.008"/>
  <system-out><![CDATA[]]></system-out>
  <system-err><![CDATA[]]></system-err>
</testsuite>
