<?xml version="1.0" encoding="UTF-8"?>
<testsuite name="Error Handling" tests="2" skipped="0" failures="0" errors="0" timestamp="2026-02-08T07:19:58" hostname="devbox" time="0.004">
  <properties/>
  <testcase name="should fail retrieve for unknown file ID" classname="io.supernode.storage.SupernodeStorageTest$ErrorHandlingTests" time="0.001"/>
  <testcase name="should fail retrieve with wrong master key" classname="io.supernode.storage.SupernodeStorageTest$ErrorHandlingTests" time="0.002"/>
  <system-out><![CDATA[]]></system-out>
  <system-err><![CDATA[]]></system-err>
</testsuite>
