<?xml version="1.0" encoding="UTF-8"?>
<testsuite name="Announce/Unannounce" tests="3" skipped="0" failures="0" errors="0" timestamp="2026-02-07T18:21:28" hostname="PINK" time="0.416">
  <properties/>
  <testcase name="should emit announced event" classname="io.supernode.network.DHTDiscoveryTest$AnnounceTests" time="0.208"/>
  <testcase name="should track announced hashes in stats" classname="io.supernode.network.DHTDiscoveryTest$AnnounceTests" time="0.104"/>
  <testcase name="should remove hash on unannounce" classname="io.supernode.network.DHTDiscoveryTest$AnnounceTests" time="0.103"/>
  <system-out><![CDATA[]]></system-out>
  <system-err><![CDATA[]]></system-err>
</testsuite>
