<?xml version="1.0" encoding="UTF-8"?>
<testsuite name="Factory Methods" tests="4" skipped="0" failures="0" errors="0" timestamp="2026-02-07T22:01:40" hostname="PINK" time="0.003">
  <properties/>
  <testcase name="createHighRedundancy should return 6+2 configuration" classname="io.supernode.storage.erasure.ErasureCoderAdvancedTest$FactoryMethodsTests" time="0.001"/>
  <testcase name="createStandard should return 4+2 configuration" classname="io.supernode.storage.erasure.ErasureCoderAdvancedTest$FactoryMethodsTests" time="0.0"/>
  <testcase name="createExtremeRedundancy should return 8+4 configuration" classname="io.supernode.storage.erasure.ErasureCoderAdvancedTest$FactoryMethodsTests" time="0.001"/>
  <testcase name="createWithContext should adapt to network conditions" classname="io.supernode.storage.erasure.ErasureCoderAdvancedTest$FactoryMethodsTests" time="0.0"/>
  <system-out><![CDATA[]]></system-out>
  <system-err><![CDATA[]]></system-err>
</testsuite>
