<?xml version="1.0" encoding="UTF-8"?>
<testsuite name="Streaming Encode/Decode" tests="6" skipped="0" failures="0" errors="0" timestamp="2026-02-08T07:20:02" hostname="devbox" time="0.204">
  <properties/>
  <testcase name="should encode small file via streaming" classname="io.supernode.storage.erasure.ErasureCoderAdvancedTest$StreamingTests" time="0.004"/>
  <testcase name="should decode via streaming" classname="io.supernode.storage.erasure.ErasureCoderAdvancedTest$StreamingTests" time="0.003"/>
  <testcase name="should throw exception on insufficient shard inputs" classname="io.supernode.storage.erasure.ErasureCoderAdvancedTest$StreamingTests" time="0.001"/>
  <testcase name="should encode large file (&gt;1GB) via streaming" classname="io.supernode.storage.erasure.ErasureCoderAdvancedTest$StreamingTests" time="0.188"/>
  <testcase name="should throw exception on wrong number of shard outputs" classname="io.supernode.storage.erasure.ErasureCoderAdvancedTest$StreamingTests" time="0.002"/>
  <testcase name="should handle chunk overlap correctly" classname="io.supernode.storage.erasure.ErasureCoderAdvancedTest$StreamingTests" time="0.003"/>
  <system-out><![CDATA[]]></system-out>
  <system-err><![CDATA[]]></system-err>
</testsuite>
