<?xml version="1.0" encoding="UTF-8"?>
<testsuite name="Records Verification" tests="2" skipped="0" failures="0" errors="0" timestamp="2026-02-07T22:00:54" hostname="PINK" time="0.049">
  <properties/>
  <testcase name="StorageDealParams should map correctly" classname="io.supernode.blockchain.BobcoinBridgeTest$RecordTests" time="0.043"/>
  <testcase name="BobcoinOptions should have defaults" classname="io.supernode.blockchain.BobcoinBridgeTest$RecordTests" time="0.003"/>
  <system-out><![CDATA[]]></system-out>
  <system-err><![CDATA[]]></system-err>
</testsuite>
