<?xml version="1.0" encoding="UTF-8"?>
<testsuite name="Concurrency and Thread Safety" tests="3" skipped="0" failures="0" errors="0" timestamp="2026-03-10T03:30:37" hostname="PINK" time="0.204">
  <properties/>
  <testcase name="should be thread-safe for concurrent encoding" classname="io.supernode.storage.erasure.ErasureCoderAdvancedTest$ConcurrencyTests" time="0.026"/>
  <testcase name="should be thread-safe for concurrent repair" classname="io.supernode.storage.erasure.ErasureCoderAdvancedTest$ConcurrencyTests" time="0.155"/>
  <testcase name="should be thread-safe for concurrent decoding" classname="io.supernode.storage.erasure.ErasureCoderAdvancedTest$ConcurrencyTests" time="0.021"/>
  <system-out><![CDATA[]]></system-out>
  <system-err><![CDATA[]]></system-err>
</testsuite>
