<?xml version="1.0" encoding="UTF-8"?>
<testsuite name="Address Handling" tests="5" skipped="0" failures="0" errors="0" timestamp="2026-03-07T20:05:13" hostname="pink" time="0.017">
  <properties/>
  <testcase name="should not handle clearnet addresses" classname="io.supernode.network.transport.IPFSTransportTest$AddressHandlingTests" time="0.002"/>
  <testcase name="should parse ipfs address" classname="io.supernode.network.transport.IPFSTransportTest$AddressHandlingTests" time="0.003"/>
  <testcase name="should handle /ipfs/ paths" classname="io.supernode.network.transport.IPFSTransportTest$AddressHandlingTests" time="0.002"/>
  <testcase name="should handle /p2p/ multiaddrs" classname="io.supernode.network.transport.IPFSTransportTest$AddressHandlingTests" time="0.003"/>
  <testcase name="should handle ipfs scheme" classname="io.supernode.network.transport.IPFSTransportTest$AddressHandlingTests" time="0.002"/>
  <system-out><![CDATA[]]></system-out>
  <system-err><![CDATA[]]></system-err>
</testsuite>
