<?xml version="1.0" encoding="UTF-8"?>
<testsuite name="Parity Verification" tests="7" skipped="0" failures="0" errors="0" timestamp="2026-03-09T22:17:51" hostname="PINK" time="0.019">
  <properties/>
  <testcase name="should verify shard checksum" classname="io.supernode.storage.erasure.ErasureCoderAdvancedTest$ParityVerificationTests" time="0.001"/>
  <testcase name="should compute checksums for all shards" classname="io.supernode.storage.erasure.ErasureCoderAdvancedTest$ParityVerificationTests" time="0.001"/>
  <testcase name="should reject verification with insufficient shards" classname="io.supernode.storage.erasure.ErasureCoderAdvancedTest$ParityVerificationTests" time="0.003"/>
  <testcase name="should detect multiple corrupted parity shards" classname="io.supernode.storage.erasure.ErasureCoderAdvancedTest$ParityVerificationTests" time="0.002"/>
  <testcase name="should detect corrupted parity shard" classname="io.supernode.storage.erasure.ErasureCoderAdvancedTest$ParityVerificationTests" time="0.005"/>
  <testcase name="should fail checksum verification for corrupted shard" classname="io.supernode.storage.erasure.ErasureCoderAdvancedTest$ParityVerificationTests" time="0.002"/>
  <testcase name="should verify correct parity shards" classname="io.supernode.storage.erasure.ErasureCoderAdvancedTest$ParityVerificationTests" time="0.002"/>
  <system-out><![CDATA[]]></system-out>
  <system-err><![CDATA[]]></system-err>
</testsuite>
