<?xml version="1.0" encoding="UTF-8"?>
<testsuite name="BlobStore Enhanced API" tests="6" skipped="0" failures="0" errors="0" timestamp="2026-02-09T01:55:10" hostname="devbox" time="0.126">
  <properties/>
  <testcase name="should support verification" classname="io.supernode.storage.BlobStoreTest" time="0.006"/>
  <testcase name="should support streaming put and get" classname="io.supernode.storage.BlobStoreTest" time="0.001"/>
  <testcase name="should support caching layer" classname="io.supernode.storage.BlobStoreTest" time="0.001"/>
  <testcase name="should support batch operations" classname="io.supernode.storage.BlobStoreTest" time="0.004"/>
  <testcase name="should support async put and get" classname="io.supernode.storage.BlobStoreTest" time="0.002"/>
  <testcase name="should support chunking operations" classname="io.supernode.storage.BlobStoreTest" time="0.11"/>
  <system-out><![CDATA[]]></system-out>
  <system-err><![CDATA[]]></system-err>
</testsuite>
