<?xml version="1.0" encoding="UTF-8"?>
<testsuite name="Event Handlers" tests="2" skipped="0" failures="0" errors="0" timestamp="2026-03-10T02:47:44" hostname="PINK" time="0.323">
  <properties/>
  <testcase name="should accept connection handler" classname="io.supernode.network.transport.ClearnetTransportTest$EventTests" time="0.166"/>
  <testcase name="should accept error handler" classname="io.supernode.network.transport.ClearnetTransportTest$EventTests" time="0.156"/>
  <system-out><![CDATA[]]></system-out>
  <system-err><![CDATA[]]></system-err>
</testsuite>
