<?xml version="1.0" encoding="UTF-8"?>
<testsuite name="Records" tests="4" skipped="0" failures="0" errors="0" timestamp="2026-02-09T01:55:53" hostname="devbox" time="0.002">
  <properties/>
  <testcase name="ShardInfo record should have all fields" classname="io.supernode.storage.mux.ManifestTest$RecordTests" time="0.001"/>
  <testcase name="Segment record should have all fields" classname="io.supernode.storage.mux.ManifestTest$RecordTests" time="0.0"/>
  <testcase name="ManifestOptions record should have all fields" classname="io.supernode.storage.mux.ManifestTest$RecordTests" time="0.001"/>
  <testcase name="ErasureConfig record should have all fields" classname="io.supernode.storage.mux.ManifestTest$RecordTests" time="0.0"/>
  <system-out><![CDATA[]]></system-out>
  <system-err><![CDATA[]]></system-err>
</testsuite>
