<?xml version="1.0" encoding="UTF-8"?>
<testsuite name="Lifecycle" tests="2" skipped="0" failures="0" errors="0" timestamp="2026-03-10T00:46:06" hostname="PINK" time="0.519">
  <properties/>
  <testcase name="should destroy cleanly" classname="io.supernode.network.BlobNetworkTest$LifecycleTests" time="0.255"/>
  <testcase name="should listen on specified port" classname="io.supernode.network.BlobNetworkTest$LifecycleTests" time="0.263"/>
  <system-out><![CDATA[]]></system-out>
  <system-err><![CDATA[]]></system-err>
</testsuite>
