<?xml version="1.0" encoding="UTF-8"?>
<testsuite name="io.supernode.storage.LRUBlobCacheTest" tests="6" skipped="0" failures="0" errors="0" timestamp="2026-03-10T03:30:26" hostname="PINK" time="0.007">
  <properties/>
  <testcase name="testLRUOrder()" classname="io.supernode.storage.LRUBlobCacheTest" time="0.001"/>
  <testcase name="testClear()" classname="io.supernode.storage.LRUBlobCacheTest" time="0.0"/>
  <testcase name="testEvictionByMaxEntries()" classname="io.supernode.storage.LRUBlobCacheTest" time="0.0"/>
  <testcase name="testPutAndGet()" classname="io.supernode.storage.LRUBlobCacheTest" time="0.001"/>
  <testcase name="testEvictionByMaxSize()" classname="io.supernode.storage.LRUBlobCacheTest" time="0.0"/>
  <testcase name="testInvalidate()" classname="io.supernode.storage.LRUBlobCacheTest" time="0.001"/>
  <system-out><![CDATA[]]></system-out>
  <system-err><![CDATA[]]></system-err>
</testsuite>
