<?xml version="1.0" encoding="UTF-8"?>
<testsuite name="Statistical Quality" tests="2" skipped="0" failures="0" errors="0" timestamp="2026-03-10T00:46:48" hostname="PINK" time="0.004">
  <properties/>
  <testcase name="should have reasonable entropy" classname="io.supernode.storage.isoforge.SeededRNGTest$StatisticalQualityTests" time="0.002"/>
  <testcase name="should have balanced bit distribution" classname="io.supernode.storage.isoforge.SeededRNGTest$StatisticalQualityTests" time="0.002"/>
  <system-out><![CDATA[]]></system-out>
  <system-err><![CDATA[]]></system-err>
</testsuite>
