<?xml version="1.0" encoding="UTF-8"?>
<testsuite name="Statistical Quality" tests="2" skipped="0" failures="0" errors="0" timestamp="2026-02-09T01:55:53" hostname="devbox" time="0.009">
  <properties/>
  <testcase name="should have reasonable entropy" classname="io.supernode.storage.isoforge.SeededRNGTest$StatisticalQualityTests" time="0.004"/>
  <testcase name="should have balanced bit distribution" classname="io.supernode.storage.isoforge.SeededRNGTest$StatisticalQualityTests" time="0.005"/>
  <system-out><![CDATA[]]></system-out>
  <system-err><![CDATA[]]></system-err>
</testsuite>
