<?xml version="1.0" encoding="UTF-8"?>
<testsuite name="Determinism" tests="2" skipped="0" failures="0" errors="0" timestamp="2026-02-07T22:01:50" hostname="PINK" time="0.003">
  <properties/>
  <testcase name="same inputs should produce same output" classname="io.supernode.storage.mux.MuxEngineTest$DeterminismTests" time="0.001"/>
  <testcase name="different seeds should produce different sector layout" classname="io.supernode.storage.mux.MuxEngineTest$DeterminismTests" time="0.002"/>
  <system-out><![CDATA[]]></system-out>
  <system-err><![CDATA[]]></system-err>
</testsuite>
