<?xml version="1.0" encoding="UTF-8"?>
<testsuite name="Determinism" tests="4" skipped="0" failures="0" errors="0" timestamp="2026-02-09T01:55:53" hostname="devbox" time="0.017">
  <properties/>
  <testcase name="should maintain state across multiple calls" classname="io.supernode.storage.isoforge.SeededRNGTest$DeterminismTests" time="0.001"/>
  <testcase name="should produce consistent output regardless of chunk size" classname="io.supernode.storage.isoforge.SeededRNGTest$DeterminismTests" time="0.0"/>
  <testcase name="should produce different output for different seeds" classname="io.supernode.storage.isoforge.SeededRNGTest$DeterminismTests" time="0.0"/>
  <testcase name="should produce identical output for same seed" classname="io.supernode.storage.isoforge.SeededRNGTest$DeterminismTests" time="0.006"/>
  <system-out><![CDATA[]]></system-out>
  <system-err><![CDATA[]]></system-err>
</testsuite>
