<?xml version="1.0" encoding="UTF-8"?>
<testsuite name="Connection" tests="2" skipped="0" failures="0" errors="0" timestamp="2026-03-10T03:29:49" hostname="PINK" time="2.14">
  <properties/>
  <testcase name="should fail connect to invalid address" classname="io.supernode.network.BlobNetworkTest$ConnectionTests" time="1.85"/>
  <testcase name="should reject connections after destroy" classname="io.supernode.network.BlobNetworkTest$ConnectionTests" time="0.289"/>
  <system-out><![CDATA[23:29:49.742 [nioEventLoopGroup-11-1] DEBUG io.netty.buffer.AbstractByteBuf -- -Dio.netty.buffer.checkAccessible: true
23:29:49.744 [nioEventLoopGroup-11-1] DEBUG io.netty.buffer.AbstractByteBuf -- -Dio.netty.buffer.checkBounds: true
23:29:49.747 [nioEventLoopGroup-11-1] DEBUG io.netty.util.ResourceLeakDetectorFactory -- Loaded default ResourceLeakDetector: io.netty.util.ResourceLeakDetector@5fbd112f
]]></system-out>
  <system-err><![CDATA[]]></system-err>
</testsuite>
