<?xml version="1.0" encoding="UTF-8"?>
<testsuite name="Decoding - Lost Shards" tests="5" skipped="0" failures="0" errors="0" timestamp="2026-02-07T22:01:41" hostname="PINK" time="0.006">
  <properties/>
  <testcase name="should recover with one lost data shard" classname="io.supernode.storage.erasure.ErasureCoderTest$LostShardsTests" time="0.0"/>
  <testcase name="should fail with too many lost shards" classname="io.supernode.storage.erasure.ErasureCoderTest$LostShardsTests" time="0.002"/>
  <testcase name="should recover with lost parity shards" classname="io.supernode.storage.erasure.ErasureCoderTest$LostShardsTests" time="0.0"/>
  <testcase name="should recover with two lost data shards" classname="io.supernode.storage.erasure.ErasureCoderTest$LostShardsTests" time="0.0"/>
  <testcase name="should recover with mixed lost shards" classname="io.supernode.storage.erasure.ErasureCoderTest$LostShardsTests" time="0.0"/>
  <system-out><![CDATA[]]></system-out>
  <system-err><![CDATA[]]></system-err>
</testsuite>
