<?xml version="1.0" encoding="UTF-8"?>
<testsuite name="Manifest Operations" tests="1" skipped="0" failures="0" errors="0" timestamp="2026-03-10T00:46:25" hostname="PINK" time="0.383">
  <properties/>
  <testcase name="should share manifest without error" classname="io.supernode.network.SupernodeNetworkTest$ManifestOperationsTests" time="0.383"/>
  <system-out><![CDATA[20:46:26.132 [nioEventLoopGroup-45-1] DEBUG io.netty.buffer.PoolThreadCache -- Freed 9 thread-local buffer(s) from thread: nioEventLoopGroup-45-1
20:46:26.149 [nioEventLoopGroup-47-1] DEBUG io.netty.buffer.PoolThreadCache -- Freed 8 thread-local buffer(s) from thread: nioEventLoopGroup-47-1
]]></system-out>
  <system-err><![CDATA[]]></system-err>
</testsuite>
