<?xml version="1.0" encoding="UTF-8"?>
<testsuite name="Address Handling" tests="4" skipped="0" failures="0" errors="0" timestamp="2026-03-10T02:47:47" hostname="PINK" time="0.553">
  <properties/>
  <testcase name="should handle onion addresses" classname="io.supernode.network.transport.TorTransportTest$AddressHandlingTests" time="0.121"/>
  <testcase name="should parse onion address" classname="io.supernode.network.transport.TorTransportTest$AddressHandlingTests" time="0.139"/>
  <testcase name="should not handle clearnet addresses" classname="io.supernode.network.transport.TorTransportTest$AddressHandlingTests" time="0.154"/>
  <testcase name="should handle addresses ending with .onion" classname="io.supernode.network.transport.TorTransportTest$AddressHandlingTests" time="0.139"/>
  <system-out><![CDATA[]]></system-out>
  <system-err><![CDATA[]]></system-err>
</testsuite>
