<?xml version="1.0" encoding="UTF-8"?>
<testsuite name="Lifecycle" tests="3" skipped="0" failures="0" errors="0" timestamp="2026-03-07T20:04:44" hostname="pink" time="0.219">
  <properties/>
  <testcase name="should destroy cleanly" classname="io.supernode.network.DHTDiscoveryTest$LifecycleTests" time="0.105"/>
  <testcase name="should start successfully" classname="io.supernode.network.DHTDiscoveryTest$LifecycleTests" time="0.105"/>
  <testcase name="should fail start after destroy" classname="io.supernode.network.DHTDiscoveryTest$LifecycleTests" time="0.005"/>
  <system-out><![CDATA[]]></system-out>
  <system-err><![CDATA[]]></system-err>
</testsuite>
