<?xml version="1.0" encoding="UTF-8"?>
<testsuite name="Manifest Operations" tests="1" skipped="0" failures="0" errors="0" timestamp="2026-03-07T20:05:09" hostname="pink" time="1.223">
  <properties/>
  <testcase name="should share manifest without error" classname="io.supernode.network.SupernodeNetworkTest$ManifestOperationsTests" time="1.223"/>
  <system-out><![CDATA[15:05:10.515 [nioEventLoopGroup-47-1] DEBUG io.netty.buffer.PoolThreadCache -- Freed 8 thread-local buffer(s) from thread: nioEventLoopGroup-47-1
15:05:10.533 [nioEventLoopGroup-45-1] DEBUG io.netty.buffer.PoolThreadCache -- Freed 9 thread-local buffer(s) from thread: nioEventLoopGroup-45-1
15:05:10.802 [nioEventLoopGroup-49-1] DEBUG io.netty.buffer.PoolThreadCache -- Freed 5 thread-local buffer(s) from thread: nioEventLoopGroup-49-1
15:05:10.836 [nioEventLoopGroup-51-1] DEBUG io.netty.buffer.PoolThreadCache -- Freed 5 thread-local buffer(s) from thread: nioEventLoopGroup-51-1
]]></system-out>
  <system-err><![CDATA[]]></system-err>
</testsuite>
