<?xml version="1.0" encoding="UTF-8"?>
<testsuite name="Health Monitoring" tests="4" skipped="0" failures="0" errors="0" timestamp="2026-03-10T02:47:49" hostname="PINK" time="0.413">
  <properties/>
  <testcase name="should get transport health status" classname="io.supernode.network.transport.TransportManagerTest$HealthMonitoringTests" time="0.124"/>
  <testcase name="should notify on health change" classname="io.supernode.network.transport.TransportManagerTest$HealthMonitoringTests" time="0.139"/>
  <testcase name="should return null health status for unregistered transport" classname="io.supernode.network.transport.TransportManagerTest$HealthMonitoringTests" time="0.001"/>
  <testcase name="should get all health statuses" classname="io.supernode.network.transport.TransportManagerTest$HealthMonitoringTests" time="0.148"/>
  <system-out><![CDATA[]]></system-out>
  <system-err><![CDATA[]]></system-err>
</testsuite>
