<?xml version="1.0" encoding="UTF-8"?>
<testsuite name="Event Emission" tests="3" skipped="0" failures="0" errors="0" timestamp="2026-02-07T18:22:03" hostname="PINK" time="0.006">
  <properties/>
  <testcase name="should emit decoding event" classname="io.supernode.storage.erasure.ErasureCoderAdvancedTest$EventEmissionTests" time="0.002"/>
  <testcase name="should emit encoding event" classname="io.supernode.storage.erasure.ErasureCoderAdvancedTest$EventEmissionTests" time="0.002"/>
  <testcase name="should emit repair event" classname="io.supernode.storage.erasure.ErasureCoderAdvancedTest$EventEmissionTests" time="0.001"/>
  <system-out><![CDATA[]]></system-out>
  <system-err><![CDATA[]]></system-err>
</testsuite>
