<?xml version="1.0" encoding="UTF-8"?>
<testsuite name="Options Record" tests="2" skipped="0" failures="0" errors="0" timestamp="2026-03-10T00:10:50" hostname="PINK" time="0.787">
  <properties/>
  <testcase name="should create erasure options via factory method" classname="io.supernode.network.SupernodeNetworkTest$OptionsRecordTests" time="0.358"/>
  <testcase name="should create default options" classname="io.supernode.network.SupernodeNetworkTest$OptionsRecordTests" time="0.428"/>
  <system-out><![CDATA[]]></system-out>
  <system-err><![CDATA[]]></system-err>
</testsuite>
