<?xml version="1.0" encoding="UTF-8"?>
<testsuite name="Transport Properties" tests="3" skipped="0" failures="0" errors="0" timestamp="2026-03-09T22:17:41" hostname="PINK" time="0.526">
  <properties/>
  <testcase name="should always be available" classname="io.supernode.network.transport.ClearnetTransportTest$PropertiesTests" time="0.186"/>
  <testcase name="should have CLEARNET type" classname="io.supernode.network.transport.ClearnetTransportTest$PropertiesTests" time="0.151"/>
  <testcase name="should not be running initially" classname="io.supernode.network.transport.ClearnetTransportTest$PropertiesTests" time="0.187"/>
  <system-out><![CDATA[]]></system-out>
  <system-err><![CDATA[]]></system-err>
</testsuite>
