<?xml version="1.0" encoding="UTF-8"?>
<testsuite name="Storage Layer Integration" tests="4" skipped="0" failures="0" errors="0" timestamp="2026-03-10T00:46:32" hostname="PINK" time="4.734">
  <properties/>
  <testcase name="should track operations and cleanup correctly" classname="io.supernode.storage.StorageIntegrationTest" time="1.681"/>
  <testcase name="should fail recovery when too many shards are lost" classname="io.supernode.storage.StorageIntegrationTest" time="0.029"/>
  <testcase name="should perform full async ingest and retrieve cycle with progress" classname="io.supernode.storage.StorageIntegrationTest" time="3.02"/>
  <testcase name="should recover from partial shard loss using erasure coding" classname="io.supernode.storage.StorageIntegrationTest" time="0.004"/>
  <system-out><![CDATA[On-The-Fly Repair logic successfully resolved and persisted missing shard for chunk: a1e7f13dddfe04465c99d4836cb74d4017ab99f1f98b34f1b1e069aaf5745af7
On-The-Fly Repair logic successfully resolved and persisted missing shard for chunk: ba82af1dc86a8a4204f1319d29ab4a1b0e0c0096da3011d198df1b5bd8e7aabf
]]></system-out>
  <system-err><![CDATA[]]></system-err>
</testsuite>
