<?xml version="1.0" encoding="UTF-8"?>
<testsuite name="Content Generation" tests="2" skipped="0" failures="0" errors="0" timestamp="2026-03-10T06:31:10" hostname="PINK" time="3.979">
  <properties/>
  <testcase name="should contain recognizable file structure" classname="io.supernode.storage.isoforge.ISOForgeTest$ContentGenerationTests" time="3.322"/>
  <testcase name="should fill entire preset size" classname="io.supernode.storage.isoforge.ISOForgeTest$ContentGenerationTests" time="0.656"/>
  <system-out><![CDATA[]]></system-out>
  <system-err><![CDATA[]]></system-err>
</testsuite>
