<?xml version="1.0" encoding="UTF-8"?>
<testsuite name="Encryption and Decryption" tests="5" skipped="0" failures="0" errors="0" timestamp="2026-02-07T22:01:50" hostname="PINK" time="0.01">
  <properties/>
  <testcase name="should preserve all segment data through encryption" classname="io.supernode.storage.mux.ManifestTest$EncryptionTests" time="0.004"/>
  <testcase name="should encrypt and decrypt manifest successfully" classname="io.supernode.storage.mux.ManifestTest$EncryptionTests" time="0.001"/>
  <testcase name="should fail to decrypt corrupted data" classname="io.supernode.storage.mux.ManifestTest$EncryptionTests" time="0.002"/>
  <testcase name="should fail to decrypt with wrong key" classname="io.supernode.storage.mux.ManifestTest$EncryptionTests" time="0.001"/>
  <testcase name="should produce different ciphertext each time due to random nonce" classname="io.supernode.storage.mux.ManifestTest$EncryptionTests" time="0.0"/>
  <system-out><![CDATA[]]></system-out>
  <system-err><![CDATA[]]></system-err>
</testsuite>
