<?xml version="1.0" encoding="UTF-8"?>
<testsuite name="Erasure Coding" tests="2" skipped="0" failures="0" errors="0" timestamp="2026-02-08T07:19:59" hostname="devbox" time="0.013">
  <properties/>
  <testcase name="stats should reflect erasure configuration" classname="io.supernode.storage.SupernodeStorageTest$ErasureCodingTests" time="0.003"/>
  <testcase name="should ingest with erasure coding enabled" classname="io.supernode.storage.SupernodeStorageTest$ErasureCodingTests" time="0.009"/>
  <system-out><![CDATA[]]></system-out>
  <system-err><![CDATA[]]></system-err>
</testsuite>
