<?xml version="1.0" encoding="UTF-8"?>
<testsuite name="Construction &amp; Configuration" tests="2" skipped="0" failures="0" errors="0" timestamp="2026-02-07T22:00:55" hostname="PINK" time="0.003">
  <properties/>
  <testcase name="should create with default options" classname="io.supernode.blockchain.BobcoinBridgeTest$ConstructionTests" time="0.001"/>
  <testcase name="should create with custom options via builder" classname="io.supernode.blockchain.BobcoinBridgeTest$ConstructionTests" time="0.002"/>
  <system-out><![CDATA[]]></system-out>
  <system-err><![CDATA[]]></system-err>
</testsuite>
