<?xml version="1.0" encoding="UTF-8"?>
<testsuite name="Sector Operations" tests="3" skipped="0" failures="0" errors="0" timestamp="2026-02-07T22:01:41" hostname="PINK" time="0.362">
  <properties/>
  <testcase name="should handle sector offset correctly" classname="io.supernode.storage.isoforge.ISOForgeTest$SectorOperationTests" time="0.0"/>
  <testcase name="should generate individual sectors correctly" classname="io.supernode.storage.isoforge.ISOForgeTest$SectorOperationTests" time="0.359"/>
  <testcase name="should generate consistent sectors" classname="io.supernode.storage.isoforge.ISOForgeTest$SectorOperationTests" time="0.001"/>
  <system-out><![CDATA[]]></system-out>
  <system-err><![CDATA[]]></system-err>
</testsuite>
