<?xml version="1.0" encoding="UTF-8"?>
<testsuite name="Blob Operations" tests="2" skipped="0" failures="0" errors="0" timestamp="2026-02-07T18:21:24" hostname="PINK" time="0.357">
  <properties/>
  <testcase name="should find peers with blob" classname="io.supernode.network.BlobNetworkTest$BlobOperationsTests" time="0.193"/>
  <testcase name="should query for blob without error" classname="io.supernode.network.BlobNetworkTest$BlobOperationsTests" time="0.163"/>
  <system-out><![CDATA[]]></system-out>
  <system-err><![CDATA[]]></system-err>
</testsuite>
