<?xml version="1.0" encoding="UTF-8"?>
<testsuite name="Peer Management" tests="2" skipped="0" failures="0" errors="0" timestamp="2026-03-07T20:04:41" hostname="pink" time="0.136">
  <properties/>
  <testcase name="should start with no peers" classname="io.supernode.network.BlobNetworkTest$PeerManagementTests" time="0.066"/>
  <testcase name="should track peer count in stats" classname="io.supernode.network.BlobNetworkTest$PeerManagementTests" time="0.067"/>
  <system-out><![CDATA[]]></system-out>
  <system-err><![CDATA[]]></system-err>
</testsuite>
