<?xml version="1.0" encoding="UTF-8"?>
<testsuite name="Peer Identity" tests="3" skipped="0" failures="0" errors="0" timestamp="2026-03-10T06:30:17" hostname="PINK" time="1.989">
  <properties/>
  <testcase name="should generate unique peer IDs" classname="io.supernode.network.BlobNetworkTest$PeerIdentityTests" time="0.739"/>
  <testcase name="should have peer ID" classname="io.supernode.network.BlobNetworkTest$PeerIdentityTests" time="0.468"/>
  <testcase name="should use provided peer ID" classname="io.supernode.network.BlobNetworkTest$PeerIdentityTests" time="0.778"/>
  <system-out><![CDATA[]]></system-out>
  <system-err><![CDATA[]]></system-err>
</testsuite>
