<?xml version="1.0" encoding="UTF-8"?>
<testsuite name="Component Access" tests="1" skipped="0" failures="0" errors="0" timestamp="2026-03-09T22:17:37" hostname="PINK" time="0.311">
  <properties/>
  <testcase name="should provide access to all components" classname="io.supernode.network.SupernodeNetworkTest$ComponentAccessTests" time="0.311"/>
  <system-out><![CDATA[18:17:37.106 [nioEventLoopGroup-49-1] DEBUG io.netty.buffer.PoolThreadCache -- Freed 5 thread-local buffer(s) from thread: nioEventLoopGroup-49-1
18:17:37.122 [nioEventLoopGroup-51-1] DEBUG io.netty.buffer.PoolThreadCache -- Freed 5 thread-local buffer(s) from thread: nioEventLoopGroup-51-1
]]></system-out>
  <system-err><![CDATA[]]></system-err>
</testsuite>
