<?xml version="1.0" encoding="UTF-8"?>
<testsuite name="Address Handling" tests="5" skipped="0" failures="0" errors="0" timestamp="2026-02-08T07:19:40" hostname="devbox" time="0.01">
  <properties/>
  <testcase name="should handle i2p addresses" classname="io.supernode.network.transport.I2PTransportTest$AddressHandlingTests" time="0.002"/>
  <testcase name="should handle b32 addresses" classname="io.supernode.network.transport.I2PTransportTest$AddressHandlingTests" time="0.001"/>
  <testcase name="should not handle clearnet addresses" classname="io.supernode.network.transport.I2PTransportTest$AddressHandlingTests" time="0.001"/>
  <testcase name="should parse i2p address" classname="io.supernode.network.transport.I2PTransportTest$AddressHandlingTests" time="0.002"/>
  <testcase name="should handle addresses ending with .i2p" classname="io.supernode.network.transport.I2PTransportTest$AddressHandlingTests" time="0.002"/>
  <system-out><![CDATA[]]></system-out>
  <system-err><![CDATA[]]></system-err>
</testsuite>
