<?xml version="1.0" encoding="UTF-8"?>
<testsuite name="Edge Cases" tests="4" skipped="0" failures="0" errors="0" timestamp="2026-02-09T01:55:53" hostname="devbox" time="0.017">
  <properties/>
  <testcase name="should work with all-ones seed" classname="io.supernode.storage.isoforge.SeededRNGTest$EdgeCaseTests" time="0.0"/>
  <testcase name="should handle large requests" classname="io.supernode.storage.isoforge.SeededRNGTest$EdgeCaseTests" time="0.007"/>
  <testcase name="should handle zero-length request" classname="io.supernode.storage.isoforge.SeededRNGTest$EdgeCaseTests" time="0.003"/>
  <testcase name="should work with all-zero seed" classname="io.supernode.storage.isoforge.SeededRNGTest$EdgeCaseTests" time="0.0"/>
  <system-out><![CDATA[]]></system-out>
  <system-err><![CDATA[]]></system-err>
</testsuite>
