<?xml version="1.0" encoding="UTF-8"?>
<testsuite name="Load Balancing" tests="3" skipped="0" failures="0" errors="0" timestamp="2026-03-10T06:30:50" hostname="PINK" time="0.47">
  <properties/>
  <testcase name="should get transports by score" classname="io.supernode.network.transport.TransportManagerTest$LoadBalancingTests" time="0.26"/>
  <testcase name="should fail load balanced connect with empty list" classname="io.supernode.network.transport.TransportManagerTest$LoadBalancingTests" time="0.004"/>
  <testcase name="should select best transport" classname="io.supernode.network.transport.TransportManagerTest$LoadBalancingTests" time="0.204"/>
  <system-out><![CDATA[]]></system-out>
  <system-err><![CDATA[]]></system-err>
</testsuite>
