<?xml version="1.0" encoding="UTF-8"?>
<testsuite name="Configuration" tests="2" skipped="0" failures="0" errors="0" timestamp="2026-03-07T20:04:42" hostname="pink" time="0.013">
  <properties/>
  <testcase name="should accept custom bootstrap nodes" classname="io.supernode.network.DHTDiscoveryTest$ConfigurationTests" time="0.006"/>
  <testcase name="should use default bootstrap nodes" classname="io.supernode.network.DHTDiscoveryTest$ConfigurationTests" time="0.004"/>
  <system-out><![CDATA[]]></system-out>
  <system-err><![CDATA[]]></system-err>
</testsuite>
