<?xml version="1.0" encoding="UTF-8"?>
<testsuite name="Peer Identity" tests="3" skipped="0" failures="0" errors="0" timestamp="2026-03-10T03:29:52" hostname="PINK" time="1.056">
  <properties/>
  <testcase name="should generate unique peer IDs" classname="io.supernode.network.BlobNetworkTest$PeerIdentityTests" time="0.442"/>
  <testcase name="should have peer ID" classname="io.supernode.network.BlobNetworkTest$PeerIdentityTests" time="0.191"/>
  <testcase name="should use provided peer ID" classname="io.supernode.network.BlobNetworkTest$PeerIdentityTests" time="0.42"/>
  <system-out><![CDATA[]]></system-out>
  <system-err><![CDATA[]]></system-err>
</testsuite>
