<?xml version="1.0" encoding="UTF-8"?>
<testsuite name="Record Equality" tests="3" skipped="0" failures="0" errors="0" timestamp="2026-03-07T20:05:13" hostname="pink" time="0.067">
  <properties/>
  <testcase name="should not be equal for different types" classname="io.supernode.network.transport.TransportAddressTest$EqualityTests" time="0.053"/>
  <testcase name="should not be equal for different values" classname="io.supernode.network.transport.TransportAddressTest$EqualityTests" time="0.002"/>
  <testcase name="should be equal for same values" classname="io.supernode.network.transport.TransportAddressTest$EqualityTests" time="0.01"/>
  <system-out><![CDATA[]]></system-out>
  <system-err><![CDATA[]]></system-err>
</testsuite>
