<?xml version="1.0" encoding="UTF-8"?>
<testsuite name="Statistics" tests="2" skipped="0" failures="0" errors="0" timestamp="2026-03-10T00:10:52" hostname="PINK" time="1.183">
  <properties/>
  <testcase name="should track blob count after ingest" classname="io.supernode.network.SupernodeNetworkTest$StatisticsTests" time="0.676"/>
  <testcase name="should return combined network stats" classname="io.supernode.network.SupernodeNetworkTest$StatisticsTests" time="0.505"/>
  <system-out><![CDATA[]]></system-out>
  <system-err><![CDATA[]]></system-err>
</testsuite>
