<?xml version="1.0" encoding="UTF-8"?>
<testsuite name="Transport Properties" tests="2" skipped="0" failures="0" errors="0" timestamp="2026-03-10T00:11:02" hostname="PINK" time="0.789">
  <properties/>
  <testcase name="should have TOR type" classname="io.supernode.network.transport.TorTransportTest$PropertiesTests" time="0.388"/>
  <testcase name="should not be running initially" classname="io.supernode.network.transport.TorTransportTest$PropertiesTests" time="0.4"/>
  <system-out><![CDATA[]]></system-out>
  <system-err><![CDATA[]]></system-err>
</testsuite>
