<?xml version="1.0" encoding="UTF-8"?>
<testsuite name="Basic Ingest/Retrieve" tests="4" skipped="0" failures="0" errors="0" timestamp="2026-02-08T07:19:59" hostname="devbox" time="2.917">
  <properties/>
  <testcase name="should handle empty file" classname="io.supernode.storage.SupernodeStorageTest$BasicOperationsTests" time="0.003"/>
  <testcase name="should ingest and retrieve large file (multi-chunk)" classname="io.supernode.storage.SupernodeStorageTest$BasicOperationsTests" time="2.183"/>
  <testcase name="should ingest and retrieve small file" classname="io.supernode.storage.SupernodeStorageTest$BasicOperationsTests" time="0.002"/>
  <testcase name="should handle file exactly chunk-sized" classname="io.supernode.storage.SupernodeStorageTest$BasicOperationsTests" time="0.727"/>
  <system-out><![CDATA[]]></system-out>
  <system-err><![CDATA[]]></system-err>
</testsuite>
