<?xml version="1.0" encoding="UTF-8"?>
<testsuite name="Event Handlers" tests="4" skipped="0" failures="0" errors="0" timestamp="2026-03-07T20:05:14" hostname="pink" time="0.013">
  <properties/>
  <testcase name="should accept health change handler" classname="io.supernode.network.transport.TransportManagerTest$EventTests" time="0.002"/>
  <testcase name="should accept failover handler" classname="io.supernode.network.transport.TransportManagerTest$EventTests" time="0.002"/>
  <testcase name="should accept connection handler" classname="io.supernode.network.transport.TransportManagerTest$EventTests" time="0.003"/>
  <testcase name="should accept error handler" classname="io.supernode.network.transport.TransportManagerTest$EventTests" time="0.003"/>
  <system-out><![CDATA[]]></system-out>
  <system-err><![CDATA[]]></system-err>
</testsuite>
