<?xml version="1.0" encoding="UTF-8"?>
<testsuite name="Manager Options" tests="2" skipped="0" failures="0" errors="0" timestamp="2026-02-09T01:55:09" hostname="devbox" time="0.003">
  <properties/>
  <testcase name="should create manager with custom options" classname="io.supernode.network.transport.TransportManagerTest$ManagerOptionsTests" time="0.002"/>
  <testcase name="should use default options" classname="io.supernode.network.transport.TransportManagerTest$ManagerOptionsTests" time="0.0"/>
  <system-out><![CDATA[]]></system-out>
  <system-err><![CDATA[]]></system-err>
</testsuite>
