<?xml version="1.0" encoding="UTF-8"?>
<testsuite name="Construction" tests="2" skipped="0" failures="0" errors="0" timestamp="2026-02-08T07:19:40" hostname="devbox" time="0.01">
  <properties/>
  <testcase name="should create with default options" classname="io.supernode.network.SupernodeNetworkTest$ConstructionTests" time="0.005"/>
  <testcase name="should create with custom blob store" classname="io.supernode.network.SupernodeNetworkTest$ConstructionTests" time="0.004"/>
  <system-out><![CDATA[]]></system-out>
  <system-err><![CDATA[]]></system-err>
</testsuite>
