<?xml version="1.0" encoding="UTF-8"?>
<testsuite name="Proofs &amp; Rewards" tests="2" skipped="0" failures="0" errors="0" timestamp="2026-03-10T06:30:00" hostname="PINK" time="0.261">
  <properties/>
  <testcase name="should submit and verify storage proof" classname="io.supernode.blockchain.BobcoinBridgeTest$ProofAndRewardTests" time="0.133"/>
  <testcase name="should claim storage rewards" classname="io.supernode.blockchain.BobcoinBridgeTest$ProofAndRewardTests" time="0.125"/>
  <system-out><![CDATA[]]></system-out>
  <system-err><![CDATA[]]></system-err>
</testsuite>
