<?xml version="1.0" encoding="UTF-8"?>
<testsuite name="Various Data Sizes" tests="7" skipped="0" failures="0" errors="0" timestamp="2026-03-10T06:31:08" hostname="PINK" time="0.034">
  <properties/>
  <testcase name="[1] 1" classname="io.supernode.storage.erasure.ErasureCoderTest$DataSizeTests" time="0.003"/>
  <testcase name="[2] 100" classname="io.supernode.storage.erasure.ErasureCoderTest$DataSizeTests" time="0.001"/>
  <testcase name="[3] 1000" classname="io.supernode.storage.erasure.ErasureCoderTest$DataSizeTests" time="0.001"/>
  <testcase name="[4] 4096" classname="io.supernode.storage.erasure.ErasureCoderTest$DataSizeTests" time="0.001"/>
  <testcase name="[5] 10000" classname="io.supernode.storage.erasure.ErasureCoderTest$DataSizeTests" time="0.001"/>
  <testcase name="[6] 65536" classname="io.supernode.storage.erasure.ErasureCoderTest$DataSizeTests" time="0.002"/>
  <testcase name="[7] 1048576" classname="io.supernode.storage.erasure.ErasureCoderTest$DataSizeTests" time="0.018"/>
  <system-out><![CDATA[]]></system-out>
  <system-err><![CDATA[]]></system-err>
</testsuite>
