<?xml version="1.0" encoding="UTF-8"?>
<testsuite name="Node Identity" tests="3" skipped="0" failures="0" errors="0" timestamp="2026-03-10T06:30:22" hostname="PINK" time="0.032">
  <properties/>
  <testcase name="should generate unique node IDs" classname="io.supernode.network.DHTDiscoveryTest$NodeIdentityTests" time="0.014"/>
  <testcase name="should have 20-byte node ID" classname="io.supernode.network.DHTDiscoveryTest$NodeIdentityTests" time="0.006"/>
  <testcase name="should use provided node ID" classname="io.supernode.network.DHTDiscoveryTest$NodeIdentityTests" time="0.008"/>
  <system-out><![CDATA[]]></system-out>
  <system-err><![CDATA[]]></system-err>
</testsuite>
