<?xml version="1.0" encoding="UTF-8"?>
<testsuite name="io.supernode.storage.FileBlobStoreTest" tests="4" skipped="0" failures="0" errors="0" timestamp="2026-02-09T01:55:10" hostname="devbox" time="0.152">
  <properties/>
  <testcase name="testDeduplication()" classname="io.supernode.storage.FileBlobStoreTest" time="0.126"/>
  <testcase name="testPersistence()" classname="io.supernode.storage.FileBlobStoreTest" time="0.007"/>
  <testcase name="testPutAndGet()" classname="io.supernode.storage.FileBlobStoreTest" time="0.008"/>
  <testcase name="testDelete()" classname="io.supernode.storage.FileBlobStoreTest" time="0.007"/>
  <system-out><![CDATA[]]></system-out>
  <system-err><![CDATA[]]></system-err>
</testsuite>
