<?xml version="1.0" encoding="UTF-8"?>
<testsuite name="Stats" tests="2" skipped="0" failures="0" errors="0" timestamp="2026-03-10T02:47:26" hostname="PINK" time="0.122">
  <properties/>
  <testcase name="should return null stats when not ready" classname="io.supernode.network.DHTDiscoveryTest$StatsTests" time="0.011"/>
  <testcase name="should return stats when ready" classname="io.supernode.network.DHTDiscoveryTest$StatsTests" time="0.11"/>
  <system-out><![CDATA[]]></system-out>
  <system-err><![CDATA[]]></system-err>
</testsuite>
