<?xml version="1.0" encoding="UTF-8"?>
<testsuite name="io.supernode.storage.FileBlobStoreTest" tests="4" skipped="0" failures="0" errors="0" timestamp="2026-03-10T02:47:51" hostname="PINK" time="0.209">
  <properties/>
  <testcase name="testDeduplication()" classname="io.supernode.storage.FileBlobStoreTest" time="0.146"/>
  <testcase name="testPersistence()" classname="io.supernode.storage.FileBlobStoreTest" time="0.022"/>
  <testcase name="testPutAndGet()" classname="io.supernode.storage.FileBlobStoreTest" time="0.017"/>
  <testcase name="testDelete()" classname="io.supernode.storage.FileBlobStoreTest" time="0.021"/>
  <system-out><![CDATA[]]></system-out>
  <system-err><![CDATA[]]></system-err>
</testsuite>
