<?xml version="1.0" encoding="UTF-8"?>
<testsuite name="Lifecycle" tests="2" skipped="0" failures="0" errors="0" timestamp="2026-03-09T22:17:19" hostname="PINK" time="0.487">
  <properties/>
  <testcase name="should destroy cleanly" classname="io.supernode.network.BlobNetworkTest$LifecycleTests" time="0.263"/>
  <testcase name="should listen on specified port" classname="io.supernode.network.BlobNetworkTest$LifecycleTests" time="0.222"/>
  <system-out><![CDATA[]]></system-out>
  <system-err><![CDATA[]]></system-err>
</testsuite>
