<?xml version="1.0" encoding="UTF-8"?>
<testsuite name="Reed-Solomon Configuration (6+2)" tests="15" skipped="0" failures="0" errors="0" timestamp="2026-03-07T20:05:43" hostname="pink" time="3.811">
  <properties/>
  <testcase name="should recover from 2 lost shards in 6+2 config" classname="io.supernode.storage.erasure.ErasureCoderAdvancedTest$ReedSolomonConfigurationTests" time="0.004"/>
  <testcase name="[1] 2, 1" classname="io.supernode.storage.erasure.ErasureCoderAdvancedTest$ReedSolomonConfigurationTests" time="0.681"/>
  <testcase name="[2] 4, 1" classname="io.supernode.storage.erasure.ErasureCoderAdvancedTest$ReedSolomonConfigurationTests" time="0.001"/>
  <testcase name="[3] 6, 1" classname="io.supernode.storage.erasure.ErasureCoderAdvancedTest$ReedSolomonConfigurationTests" time="0.002"/>
  <testcase name="[4] 8, 1" classname="io.supernode.storage.erasure.ErasureCoderAdvancedTest$ReedSolomonConfigurationTests" time="0.002"/>
  <testcase name="[5] 2, 2" classname="io.supernode.storage.erasure.ErasureCoderAdvancedTest$ReedSolomonConfigurationTests" time="0.002"/>
  <testcase name="[6] 4, 2" classname="io.supernode.storage.erasure.ErasureCoderAdvancedTest$ReedSolomonConfigurationTests" time="0.003"/>
  <testcase name="[7] 6, 2" classname="io.supernode.storage.erasure.ErasureCoderAdvancedTest$ReedSolomonConfigurationTests" time="0.001"/>
  <testcase name="[8] 8, 2" classname="io.supernode.storage.erasure.ErasureCoderAdvancedTest$ReedSolomonConfigurationTests" time="0.002"/>
  <testcase name="[9] 10, 3" classname="io.supernode.storage.erasure.ErasureCoderAdvancedTest$ReedSolomonConfigurationTests" time="0.002"/>
  <testcase name="[10] 12, 3" classname="io.supernode.storage.erasure.ErasureCoderAdvancedTest$ReedSolomonConfigurationTests" time="0.002"/>
  <testcase name="[11] 16, 4" classname="io.supernode.storage.erasure.ErasureCoderAdvancedTest$ReedSolomonConfigurationTests" time="0.004"/>
  <testcase name="should support 6+2 configuration" classname="io.supernode.storage.erasure.ErasureCoderAdvancedTest$ReedSolomonConfigurationTests" time="0.002"/>
  <testcase name="should decode 6+2 configuration correctly" classname="io.supernode.storage.erasure.ErasureCoderAdvancedTest$ReedSolomonConfigurationTests" time="0.003"/>
  <testcase name="should reject invalid configurations" classname="io.supernode.storage.erasure.ErasureCoderAdvancedTest$ReedSolomonConfigurationTests" time="0.002"/>
  <system-out><![CDATA[]]></system-out>
  <system-err><![CDATA[]]></system-err>
</testsuite>
