<?xml version="1.0" encoding="UTF-8"?>
<testsuite name="Events" tests="3" skipped="0" failures="0" errors="0" timestamp="2026-02-09T01:55:22" hostname="devbox" time="1.121">
  <properties/>
  <testcase name="should emit file ingested event" classname="io.supernode.storage.SupernodeStorageTest$EventTests" time="0.003"/>
  <testcase name="should emit file retrieved event" classname="io.supernode.storage.SupernodeStorageTest$EventTests" time="0.006"/>
  <testcase name="should emit chunk ingested events" classname="io.supernode.storage.SupernodeStorageTest$EventTests" time="1.109"/>
  <system-out><![CDATA[]]></system-out>
  <system-err><![CDATA[]]></system-err>
</testsuite>
