<?xml version="1.0" encoding="UTF-8"?>
<testsuite name="Transport Registration" tests="5" skipped="0" failures="0" errors="0" timestamp="2026-03-09T22:17:46" hostname="PINK" time="0.621">
  <properties/>
  <testcase name="should unregister transport" classname="io.supernode.network.transport.TransportManagerTest$RegistrationTests" time="0.159"/>
  <testcase name="should get registered transport" classname="io.supernode.network.transport.TransportManagerTest$RegistrationTests" time="0.169"/>
  <testcase name="should track multiple transports" classname="io.supernode.network.transport.TransportManagerTest$RegistrationTests" time="0.143"/>
  <testcase name="should return null for unregistered type" classname="io.supernode.network.transport.TransportManagerTest$RegistrationTests" time="0.0"/>
  <testcase name="should register transport" classname="io.supernode.network.transport.TransportManagerTest$RegistrationTests" time="0.148"/>
  <system-out><![CDATA[]]></system-out>
  <system-err><![CDATA[]]></system-err>
</testsuite>
