<?xml version="1.0" encoding="UTF-8"?>
<testsuite name="Address Handling" tests="5" skipped="0" failures="0" errors="0" timestamp="2026-03-10T02:47:47" hostname="PINK" time="0.075">
  <properties/>
  <testcase name="should not handle clearnet addresses" classname="io.supernode.network.transport.IPFSTransportTest$AddressHandlingTests" time="0.012"/>
  <testcase name="should parse ipfs address" classname="io.supernode.network.transport.IPFSTransportTest$AddressHandlingTests" time="0.015"/>
  <testcase name="should handle /ipfs/ paths" classname="io.supernode.network.transport.IPFSTransportTest$AddressHandlingTests" time="0.015"/>
  <testcase name="should handle /p2p/ multiaddrs" classname="io.supernode.network.transport.IPFSTransportTest$AddressHandlingTests" time="0.014"/>
  <testcase name="should handle ipfs scheme" classname="io.supernode.network.transport.IPFSTransportTest$AddressHandlingTests" time="0.015"/>
  <system-out><![CDATA[]]></system-out>
  <system-err><![CDATA[]]></system-err>
</testsuite>
